<?xml version="1.0" encoding="UTF-8"?>
<!-- Generated by org.testng.reporters.JUnitXMLReporter -->
<testsuite hostname="General-PC" ignored="0" name="Google_test" tests="1" failures="0" timestamp="15 oct 2022 16:36:28 GMT" time="2.269" errors="0">
  <testcase name="@BeforeMethod setUpClass" time="0.0" classname="runners.TestRunnerTestNg">
    <failure type="java.lang.AssertionError" message="Cannot create Remote Webdriver driver">
      <![CDATA[java.lang.AssertionError: Cannot create Remote Webdriver driver
	at runners.TestRunnerTestNg.setUpClass(TestRunnerTestNg.java:227)
... Removed 27 stack frames]]>
    </failure>
  </testcase> <!-- @BeforeMethod setUpClass -->
  <testcase name="@AfterTest tearApp" time="0.0" classname="runners.TestRunnerTestNg">
    <failure type="java.lang.NullPointerException">
      <![CDATA[java.lang.NullPointerException
	at runners.TestRunnerTestNg.tearApp(TestRunnerTestNg.java:301)
... Removed 23 stack frames]]>
    </failure>
  </testcase> <!-- @AfterTest tearApp -->
  <testcase name="feature" time="0.002" classname="runners.TestRunnerTestNg">
    <skipped/>
  </testcase> <!-- feature -->
</testsuite> <!-- Google_test -->
